<?xml version="1.0" encoding="UTF-8"?>
<testng-results ignored="0" total="1" passed="1" failed="0" skipped="0">
  <reporter-output>
  </reporter-output>
  <suite started-at="2022-06-26T16:41:01 MSK" name="Surefire suite" finished-at="2022-06-26T16:41:07 MSK" duration-ms="5832">
    <groups>
    </groups>
    <test started-at="2022-06-26T16:41:01 MSK" name="Surefire test" finished-at="2022-06-26T16:41:07 MSK" duration-ms="5832">
      <class name="OrderListTest">
        <test-method signature="getOrderList()[pri:0, instance:OrderListTest@9d157ff]" started-at="2022-06-26T16:41:02 MSK" name="getOrderList" finished-at="2022-06-26T16:41:07 MSK" duration-ms="5761" status="PASS">
          <reporter-output>
          </reporter-output>
        </test-method> <!-- getOrderList -->
      </class> <!-- OrderListTest -->
    </test> <!-- Surefire test -->
  </suite> <!-- Surefire suite -->
</testng-results>
