<?xml version="1.0" encoding="UTF-8"?>
<testsuite xmlns:xsi="http://www.w3.org/2001/XMLSchema-instance" xsi:noNamespaceSchemaLocation="https://maven.apache.org/surefire/maven-surefire-plugin/xsd/surefire-test-report.xsd" name="TestSuite" time="136.716" tests="19" errors="0" skipped="0" failures="3">
  <properties>
[...]
</properties>
  <testcase name="getOrderList" classname="OrderListTest" time="5.761"/>
  <testcase name="requestWithoutPasswordReturnsCorrectCodeCourier on requestWithoutPasswordReturnsCorrectCodeCourier(CreateCourierTest)" classname="CreateCourierTest" time="1.225"/>
  <testcase name="requestWithoutLoginReturnsCorrectBodyCourier on requestWithoutLoginReturnsCorrectBodyCourier(CreateCourierTest)" classname="CreateCourierTest" time="0.291"/>
  <testcase name="requestWithoutPasswordReturnsCorrectBodyCourier on requestWithoutPasswordReturnsCorrectBodyCourier(CreateCourierTest)" classname="CreateCourierTest" time="0.291"/>
  <testcase name="sendPostRequestWithExistingLoginCourierReturnsCorrectBody on sendPostRequestWithExistingLoginCourierReturnsCorrectBody(CreateCourierTest)" classname="CreateCourierTest" time="0.848">
    <failure message="1 expectation failed.&#10;JSON path message doesn&apos;t match.&#10;Expected: Этот логин уже используется&#10;  Actual: Этот логин уже используется. Попробуйте другой.&#10;" type="java.lang.AssertionError">java.lang.AssertionError: 
1 expectation failed.
JSON path message doesn't match.
Expected: Этот логин уже используется
  Actual: Этот логин уже используется. Попробуйте другой.

	at CreateCourierTest.sendPostRequestWithExistingLoginCourierReturnsCorrectBody(CreateCourierTest.java:108)
</failure>
    <system-out><![CDATA[Id курьера: 86304
Курьер №86304 удален
]]></system-out>
  </testcase>
  <testcase name="sendPostRequestWithExistingLoginCourierReturnsConflict on sendPostRequestWithExistingLoginCourierReturnsConflict(CreateCourierTest)" classname="CreateCourierTest" time="0.618"/>
  <testcase name="successfulCourierCreatingReturnsCorrectBody on successfulCourierCreatingReturnsCorrectBody(CreateCourierTest)" classname="CreateCourierTest" time="0.583"/>
  <testcase name="successfulCourierCreatingReturnsCorrectCode on successfulCourierCreatingReturnsCorrectCode(CreateCourierTest)" classname="CreateCourierTest" time="0.49"/>
  <testcase name="requestWithoutLoginReturnsCorrectCodeCourier on requestWithoutLoginReturnsCorrectCodeCourier(CreateCourierTest)" classname="CreateCourierTest" time="0.318"/>
  <testcase name="postCourierLoginIncorrectPasswordAnswerBody on postCourierLoginIncorrectPasswordAnswerBody(LoginCourierTest)" classname="LoginCourierTest" time="0.498"/>
  <testcase name="postCourierLoginIncorrectPasswordAnswerCode on postCourierLoginIncorrectPasswordAnswerCode(LoginCourierTest)" classname="LoginCourierTest" time="0.557"/>
  <testcase name="postCourierLoginWithoutPasswordAnswerBody on postCourierLoginWithoutPasswordAnswerBody(LoginCourierTest)" classname="LoginCourierTest" time="60.585">
    <failure message="Expected response body to be verified as JSON, HTML or XML but no content-type was defined in the response.&#10;Try registering a default parser using:&#10;   RestAssured.defaultParser(&lt;parser type&gt;);&#10;Content was:&#10;Service unavailable&#10;" type="java.lang.IllegalStateException"><![CDATA[java.lang.IllegalStateException: 
Expected response body to be verified as JSON, HTML or XML but no content-type was defined in the response.
Try registering a default parser using:
   RestAssured.defaultParser(<parser type>);
Content was:
Service unavailable

	at LoginCourierTest.postCourierLoginWithoutPasswordAnswerBody(LoginCourierTest.java:130)
]]></failure>
    <system-out><![CDATA[Id курьера: 86310
Курьер №86310 удален
]]></system-out>
  </testcase>
  <testcase name="postCourierLoginWithoutPasswordAnswerCode on postCourierLoginWithoutPasswordAnswerCode(LoginCourierTest)" classname="LoginCourierTest" time="60.597">
    <failure message="1 expectation failed.&#10;Expected status code &lt;400&gt; but was &lt;504&gt;.&#10;" type="java.lang.AssertionError"><![CDATA[java.lang.AssertionError: 
1 expectation failed.
Expected status code <400> but was <504>.

	at LoginCourierTest.postCourierLoginWithoutPasswordAnswerCode(LoginCourierTest.java:120)
]]></failure>
    <system-out><![CDATA[Id курьера: 86312
Курьер №86312 удален
]]></system-out>
  </testcase>
  <testcase name="postCourierLoginIncorrectLoginAnswerBody on postCourierLoginIncorrectLoginAnswerBody(LoginCourierTest)" classname="LoginCourierTest" time="0.542"/>
  <testcase name="postCourierLoginIncorrectLoginAnswerCode on postCourierLoginIncorrectLoginAnswerCode(LoginCourierTest)" classname="LoginCourierTest" time="0.487"/>
  <testcase name="postCourierLoginWithoutLoginAnswerBody on postCourierLoginWithoutLoginAnswerBody(LoginCourierTest)" classname="LoginCourierTest" time="0.528"/>
  <testcase name="postCourierLoginWithoutLoginAnswerCode on postCourierLoginWithoutLoginAnswerCode(LoginCourierTest)" classname="LoginCourierTest" time="0.483"/>
  <testcase name="postCourierLoginAnswerBody on postCourierLoginAnswerBody(LoginCourierTest)" classname="LoginCourierTest" time="0.551"/>
  <testcase name="postCourierLoginAnswerCode on postCourierLoginAnswerCode(LoginCourierTest)" classname="LoginCourierTest" time="0.534"/>
</testsuite>