-------------------------------------------------------------------------------
Test set: TestSuite
-------------------------------------------------------------------------------
Tests run: 19, Failures: 3, Errors: 0, Skipped: 0, Time elapsed: 136.716 s <<< FAILURE! - in TestSuite
sendPostRequestWithExistingLoginCourierReturnsCorrectBody on sendPostRequestWithExistingLoginCourierReturnsCorrectBody(CreateCourierTest)(CreateCourierTest)  Time elapsed: 0.848 s  <<< FAILURE!
java.lang.AssertionError: 
1 expectation failed.
JSON path message doesn't match.
Expected: Этот логин уже используется
  Actual: Этот логин уже используется. Попробуйте другой.

	at CreateCourierTest.sendPostRequestWithExistingLoginCourierReturnsCorrectBody(CreateCourierTest.java:108)

postCourierLoginWithoutPasswordAnswerBody on postCourierLoginWithoutPasswordAnswerBody(LoginCourierTest)(LoginCourierTest)  Time elapsed: 60.585 s  <<< FAILURE!
java.lang.IllegalStateException: 
Expected response body to be verified as JSON, HTML or XML but no content-type was defined in the response.
Try registering a default parser using:
   RestAssured.defaultParser(<parser type>);
Content was:
Service unavailable

	at LoginCourierTest.postCourierLoginWithoutPasswordAnswerBody(LoginCourierTest.java:130)

postCourierLoginWithoutPasswordAnswerCode on postCourierLoginWithoutPasswordAnswerCode(LoginCourierTest)(LoginCourierTest)  Time elapsed: 60.597 s  <<< FAILURE!
java.lang.AssertionError: 
1 expectation failed.
Expected status code <400> but was <504>.

	at LoginCourierTest.postCourierLoginWithoutPasswordAnswerCode(LoginCourierTest.java:120)

